<?xml version="1.0" encoding="UTF-8"?>
<testng-results skipped="0" failed="0" ignored="0" total="1" passed="1">
  <reporter-output>
  </reporter-output>
  <suite name="Suite1" duration-ms="28530" started-at="2018-05-16T03:06:26Z" finished-at="2018-05-16T03:06:55Z">
    <groups>
      <group name="cucumber">
        <method signature="AbstractTestNGCucumberTests.feature(cucumber.api.testng.CucumberFeatureWrapper)[pri:0, instance:LifeInsQuote.testRunner.testNgTestRunner$TestRunner@29774679]" name="feature" class="cucumber.api.testng.AbstractTestNGCucumberTests"/>
      </group> <!-- cucumber -->
    </groups>
    <test name="Nopackage" duration-ms="28530" started-at="2018-05-16T03:06:26Z" finished-at="2018-05-16T03:06:55Z">
      <class name="LifeInsQuote.testRunner.testNgTestRunner$TestRunner">
        <test-method status="PASS" signature="setUpClass()[pri:0, instance:LifeInsQuote.testRunner.testNgTestRunner$TestRunner@29774679]" name="setUpClass" is-config="true" duration-ms="542" started-at="2018-05-15T23:06:26Z" finished-at="2018-05-15T23:06:27Z">
          <reporter-output>
          </reporter-output>
        </test-method> <!-- setUpClass -->
        <test-method status="PASS" signature="feature(cucumber.api.testng.CucumberFeatureWrapper)[pri:0, instance:LifeInsQuote.testRunner.testNgTestRunner$TestRunner@29774679]" name="feature" duration-ms="27792" started-at="2018-05-15T23:06:27Z" description="Runs Cucumber Feature" data-provider="features" finished-at="2018-05-15T23:06:55Z">
          <params>
            <param index="0">
              <value>
                <![CDATA[Life_Ins_Quote]]>
              </value>
            </param>
          </params>
          <reporter-output>
          </reporter-output>
        </test-method> <!-- feature -->
        <test-method status="PASS" signature="tearDownClass()[pri:0, instance:LifeInsQuote.testRunner.testNgTestRunner$TestRunner@29774679]" name="tearDownClass" is-config="true" duration-ms="5" started-at="2018-05-15T23:06:55Z" finished-at="2018-05-15T23:06:55Z">
          <reporter-output>
          </reporter-output>
        </test-method> <!-- tearDownClass -->
      </class> <!-- LifeInsQuote.testRunner.testNgTestRunner$TestRunner -->
    </test> <!-- Nopackage -->
  </suite> <!-- Suite1 -->
</testng-results>
